<?xml version="1.0" encoding="UTF-8"?>
<testsuite name="kr.co.kokono.webstudy.web.PostApiControllerTest" tests="2" skipped="0" failures="0" errors="0" timestamp="2020-07-15T03:11:17" hostname="KITT-23" time="0.099">
  <properties/>
  <testcase name="testPostPosts" classname="kr.co.kokono.webstudy.web.PostApiControllerTest" time="0.068"/>
  <testcase name="testPostsUpdate" classname="kr.co.kokono.webstudy.web.PostApiControllerTest" time="0.031"/>
  <system-out><![CDATA[2020-07-15 12:11:17.143  INFO 2824 --- [    Test worker] .b.t.c.SpringBootTestContextBootstrapper : Neither @ContextConfiguration nor @ContextHierarchy found for test class [kr.co.kokono.webstudy.web.PostApiControllerTest], using SpringBootContextLoader
2020-07-15 12:11:17.143  INFO 2824 --- [    Test worker] o.s.t.c.support.AbstractContextLoader    : Could not detect default resource locations for test class [kr.co.kokono.webstudy.web.PostApiControllerTest]: no resource found for suffixes {-context.xml, Context.groovy}.
2020-07-15 12:11:17.143  INFO 2824 --- [    Test worker] t.c.s.AnnotationConfigContextLoaderUtils : Could not detect default configuration classes for test class [kr.co.kokono.webstudy.web.PostApiControllerTest]: PostApiControllerTest does not declare any static, non-private, non-final, nested classes annotated with @Configuration.
2020-07-15 12:11:17.143  INFO 2824 --- [    Test worker] .b.t.c.SpringBootTestContextBootstrapper : Found @SpringBootConfiguration kr.co.kokono.webstudy.Application for test class kr.co.kokono.webstudy.web.PostApiControllerTest
2020-07-15 12:11:17.143  INFO 2824 --- [    Test worker] .b.t.c.SpringBootTestContextBootstrapper : Loaded default TestExecutionListener class names from location [META-INF/spring.factories]: [org.springframework.security.test.context.support.WithSecurityContextTestExecutionListener, org.springframework.security.test.context.support.ReactorContextTestExecutionListener, org.springframework.boot.test.autoconfigure.restdocs.RestDocsTestExecutionListener, org.springframework.boot.test.autoconfigure.web.client.MockRestServiceServerResetTestExecutionListener, org.springframework.boot.test.autoconfigure.web.servlet.MockMvcPrintOnlyOnFailureTestExecutionListener, org.springframework.boot.test.autoconfigure.web.servlet.WebDriverTestExecutionListener, org.springframework.boot.test.mock.mockito.MockitoTestExecutionListener, org.springframework.boot.test.mock.mockito.ResetMocksTestExecutionListener, org.springframework.test.context.web.ServletTestExecutionListener, org.springframework.test.context.support.DirtiesContextBeforeModesTestExecutionListener, org.springframework.test.context.support.DependencyInjectionTestExecutionListener, org.springframework.test.context.support.DirtiesContextTestExecutionListener, org.springframework.test.context.transaction.TransactionalTestExecutionListener, org.springframework.test.context.jdbc.SqlScriptsTestExecutionListener]
2020-07-15 12:11:17.143  INFO 2824 --- [    Test worker] .b.t.c.SpringBootTestContextBootstrapper : Using TestExecutionListeners: [org.springframework.test.context.web.ServletTestExecutionListener@7081104, org.springframework.test.context.support.DirtiesContextBeforeModesTestExecutionListener@298b3601, org.springframework.boot.test.mock.mockito.MockitoTestExecutionListener@134b1c5b, org.springframework.boot.test.autoconfigure.SpringBootDependencyInjectionTestExecutionListener@3038b1ad, org.springframework.test.context.support.DirtiesContextTestExecutionListener@777f169f, org.springframework.test.context.transaction.TransactionalTestExecutionListener@7b41d4f, org.springframework.test.context.jdbc.SqlScriptsTestExecutionListener@4cd66026, org.springframework.security.test.context.support.WithSecurityContextTestExecutionListener@391605c8, org.springframework.security.test.context.support.ReactorContextTestExecutionListener@3652279b, org.springframework.boot.test.autoconfigure.restdocs.RestDocsTestExecutionListener@112b0a7b, org.springframework.boot.test.autoconfigure.web.client.MockRestServiceServerResetTestExecutionListener@6e039f28, org.springframework.boot.test.autoconfigure.web.servlet.MockMvcPrintOnlyOnFailureTestExecutionListener@67b2ef65, org.springframework.boot.test.autoconfigure.web.servlet.WebDriverTestExecutionListener@40fb62f7, org.springframework.boot.test.mock.mockito.ResetMocksTestExecutionListener@94ad041]
2020-07-15 12:11:17.159  INFO 2824 --- [    Test worker] o.a.c.c.C.[Tomcat].[localhost].[/]       : Initializing Spring TestDispatcherServlet ''
2020-07-15 12:11:17.159  INFO 2824 --- [    Test worker] o.s.t.web.servlet.TestDispatcherServlet  : Initializing Servlet ''
2020-07-15 12:11:17.159  INFO 2824 --- [    Test worker] o.s.t.web.servlet.TestDispatcherServlet  : Completed initialization in 0 ms
Hibernate: insert into posts (created_date, modified_date, author, content, title) values (?, ?, ?, ?, ?)
Hibernate: select posts0_.id as id1_0_, posts0_.created_date as created_2_0_, posts0_.modified_date as modified3_0_, posts0_.author as author4_0_, posts0_.content as content5_0_, posts0_.title as title6_0_ from posts posts0_
Hibernate: select posts0_.id as id1_0_, posts0_.created_date as created_2_0_, posts0_.modified_date as modified3_0_, posts0_.author as author4_0_, posts0_.content as content5_0_, posts0_.title as title6_0_ from posts posts0_
Hibernate: delete from posts where id=?
2020-07-15 12:11:17.221  INFO 2824 --- [    Test worker] o.a.c.c.C.[Tomcat].[localhost].[/]       : Initializing Spring TestDispatcherServlet ''
2020-07-15 12:11:17.221  INFO 2824 --- [    Test worker] o.s.t.web.servlet.TestDispatcherServlet  : Initializing Servlet ''
2020-07-15 12:11:17.221  INFO 2824 --- [    Test worker] o.s.t.web.servlet.TestDispatcherServlet  : Completed initialization in 0 ms
Hibernate: insert into posts (created_date, modified_date, author, content, title) values (?, ?, ?, ?, ?)
Hibernate: select posts0_.id as id1_0_0_, posts0_.created_date as created_2_0_0_, posts0_.modified_date as modified3_0_0_, posts0_.author as author4_0_0_, posts0_.content as content5_0_0_, posts0_.title as title6_0_0_ from posts posts0_ where posts0_.id=?
Hibernate: update posts set created_date=?, modified_date=?, author=?, content=?, title=? where id=?
Hibernate: select posts0_.id as id1_0_, posts0_.created_date as created_2_0_, posts0_.modified_date as modified3_0_, posts0_.author as author4_0_, posts0_.content as content5_0_, posts0_.title as title6_0_ from posts posts0_
Hibernate: select posts0_.id as id1_0_, posts0_.created_date as created_2_0_, posts0_.modified_date as modified3_0_, posts0_.author as author4_0_, posts0_.content as content5_0_, posts0_.title as title6_0_ from posts posts0_
Hibernate: delete from posts where id=?
]]></system-out>
  <system-err><![CDATA[]]></system-err>
</testsuite>
