<?xml version="1.0" encoding="UTF-8"?>
<testsuite name="kr.co.kokono.webstudy.web.IndexControllerTest" tests="1" skipped="0" failures="0" errors="0" timestamp="2020-07-15T03:11:16" hostname="KITT-23" time="0.134">
  <properties/>
  <testcase name="loadMain" classname="kr.co.kokono.webstudy.web.IndexControllerTest" time="0.134"/>
  <system-out><![CDATA[2020-07-15 12:11:15.550  INFO 2824 --- [    Test worker] .b.t.c.SpringBootTestContextBootstrapper : Neither @ContextConfiguration nor @ContextHierarchy found for test class [kr.co.kokono.webstudy.web.IndexControllerTest], using SpringBootContextLoader
2020-07-15 12:11:15.550  INFO 2824 --- [    Test worker] o.s.t.c.support.AbstractContextLoader    : Could not detect default resource locations for test class [kr.co.kokono.webstudy.web.IndexControllerTest]: no resource found for suffixes {-context.xml, Context.groovy}.
2020-07-15 12:11:15.550  INFO 2824 --- [    Test worker] t.c.s.AnnotationConfigContextLoaderUtils : Could not detect default configuration classes for test class [kr.co.kokono.webstudy.web.IndexControllerTest]: IndexControllerTest does not declare any static, non-private, non-final, nested classes annotated with @Configuration.
2020-07-15 12:11:15.550  INFO 2824 --- [    Test worker] .b.t.c.SpringBootTestContextBootstrapper : Found @SpringBootConfiguration kr.co.kokono.webstudy.Application for test class kr.co.kokono.webstudy.web.IndexControllerTest
2020-07-15 12:11:15.550  INFO 2824 --- [    Test worker] .b.t.c.SpringBootTestContextBootstrapper : Loaded default TestExecutionListener class names from location [META-INF/spring.factories]: [org.springframework.security.test.context.support.WithSecurityContextTestExecutionListener, org.springframework.security.test.context.support.ReactorContextTestExecutionListener, org.springframework.boot.test.autoconfigure.restdocs.RestDocsTestExecutionListener, org.springframework.boot.test.autoconfigure.web.client.MockRestServiceServerResetTestExecutionListener, org.springframework.boot.test.autoconfigure.web.servlet.MockMvcPrintOnlyOnFailureTestExecutionListener, org.springframework.boot.test.autoconfigure.web.servlet.WebDriverTestExecutionListener, org.springframework.boot.test.mock.mockito.MockitoTestExecutionListener, org.springframework.boot.test.mock.mockito.ResetMocksTestExecutionListener, org.springframework.test.context.web.ServletTestExecutionListener, org.springframework.test.context.support.DirtiesContextBeforeModesTestExecutionListener, org.springframework.test.context.support.DependencyInjectionTestExecutionListener, org.springframework.test.context.support.DirtiesContextTestExecutionListener, org.springframework.test.context.transaction.TransactionalTestExecutionListener, org.springframework.test.context.jdbc.SqlScriptsTestExecutionListener]
2020-07-15 12:11:15.550  INFO 2824 --- [    Test worker] .b.t.c.SpringBootTestContextBootstrapper : Using TestExecutionListeners: [org.springframework.test.context.web.ServletTestExecutionListener@74c6cfa1, org.springframework.test.context.support.DirtiesContextBeforeModesTestExecutionListener@ec14cc8, org.springframework.boot.test.mock.mockito.MockitoTestExecutionListener@4c350d4b, org.springframework.boot.test.autoconfigure.SpringBootDependencyInjectionTestExecutionListener@725870db, org.springframework.test.context.support.DirtiesContextTestExecutionListener@302102f6, org.springframework.test.context.transaction.TransactionalTestExecutionListener@3402bf36, org.springframework.test.context.jdbc.SqlScriptsTestExecutionListener@50b9b3a8, org.springframework.security.test.context.support.WithSecurityContextTestExecutionListener@61d6dfcc, org.springframework.security.test.context.support.ReactorContextTestExecutionListener@595857b2, org.springframework.boot.test.autoconfigure.restdocs.RestDocsTestExecutionListener@7882b8a0, org.springframework.boot.test.autoconfigure.web.client.MockRestServiceServerResetTestExecutionListener@65bb70eb, org.springframework.boot.test.autoconfigure.web.servlet.MockMvcPrintOnlyOnFailureTestExecutionListener@3244fb2f, org.springframework.boot.test.autoconfigure.web.servlet.WebDriverTestExecutionListener@29badf12, org.springframework.boot.test.mock.mockito.ResetMocksTestExecutionListener@4410253d]

  .   ____          _            __ _ _
 /\\ / ___'_ __ _ _(_)_ __  __ _ \ \ \ \
( ( )\___ | '_ | '_| | '_ \/ _` | \ \ \ \
 \\/  ___)| |_)| | | | | || (_| |  ) ) ) )
  '  |____| .__|_| |_|_| |_\__, | / / / /
 =========|_|==============|___/=/_/_/_/
 :: Spring Boot ::        (v2.1.7.RELEASE)

2020-07-15 12:11:15.581  INFO 2824 --- [    Test worker] k.c.k.webstudy.web.IndexControllerTest   : Starting IndexControllerTest on kitt-23 with PID 2824 (started by KITT in D:\JAVA\spring_recipe\webstudy)
2020-07-15 12:11:15.581  INFO 2824 --- [    Test worker] k.c.k.webstudy.web.IndexControllerTest   : The following profiles are active: oauth
2020-07-15 12:11:15.706  INFO 2824 --- [    Test worker] .s.d.r.c.RepositoryConfigurationDelegate : Bootstrapping Spring Data repositories in DEFAULT mode.
2020-07-15 12:11:15.722  INFO 2824 --- [    Test worker] .s.d.r.c.RepositoryConfigurationDelegate : Finished Spring Data repository scanning in 16ms. Found 2 repository interfaces.
2020-07-15 12:11:15.800  INFO 2824 --- [    Test worker] trationDelegate$BeanPostProcessorChecker : Bean 'org.springframework.transaction.annotation.ProxyTransactionManagementConfiguration' of type [org.springframework.transaction.annotation.ProxyTransactionManagementConfiguration$$EnhancerBySpringCGLIB$$c706554c] is not eligible for getting processed by all BeanPostProcessors (for example: not eligible for auto-proxying)
2020-07-15 12:11:15.987  INFO 2824 --- [    Test worker] o.s.b.w.embedded.tomcat.TomcatWebServer  : Tomcat initialized with port(s): 0 (http)
2020-07-15 12:11:16.003  INFO 2824 --- [    Test worker] o.apache.catalina.core.StandardService   : Starting service [Tomcat]
2020-07-15 12:11:16.003  INFO 2824 --- [    Test worker] org.apache.catalina.core.StandardEngine  : Starting Servlet engine: [Apache Tomcat/9.0.22]
2020-07-15 12:11:16.128  INFO 2824 --- [    Test worker] o.a.c.c.C.[Tomcat].[localhost].[/]       : Initializing Spring embedded WebApplicationContext
2020-07-15 12:11:16.128  INFO 2824 --- [    Test worker] o.s.web.context.ContextLoader            : Root WebApplicationContext: initialization completed in 547 ms
2020-07-15 12:11:16.253  INFO 2824 --- [    Test worker] com.zaxxer.hikari.HikariDataSource       : HikariPool-2 - Starting...
2020-07-15 12:11:16.253  INFO 2824 --- [    Test worker] com.zaxxer.hikari.HikariDataSource       : HikariPool-2 - Start completed.
2020-07-15 12:11:16.268  INFO 2824 --- [    Test worker] o.hibernate.jpa.internal.util.LogHelper  : HHH000204: Processing PersistenceUnitInfo [
	name: default
	...]
2020-07-15 12:11:16.268  INFO 2824 --- [    Test worker] org.hibernate.dialect.Dialect            : HHH000400: Using dialect: org.hibernate.dialect.MySQL5InnoDBDialect
Hibernate: drop table if exists posts
Hibernate: drop table if exists user
Hibernate: create table posts (id bigint not null auto_increment, created_date datetime, modified_date datetime, author varchar(255), content TEXT not null, title varchar(500) not null, primary key (id)) engine=InnoDB
Hibernate: create table user (id bigint not null auto_increment, created_date datetime, modified_date datetime, email varchar(255) not null, name varchar(255) not null, picture varchar(255), role varchar(255) not null, primary key (id)) engine=InnoDB
2020-07-15 12:11:16.315  INFO 2824 --- [    Test worker] o.h.t.schema.internal.SchemaCreatorImpl  : HHH000476: Executing import script 'org.hibernate.tool.schema.internal.exec.ScriptSourceInputNonExistentImpl@554d0e3a'
2020-07-15 12:11:16.315  INFO 2824 --- [    Test worker] j.LocalContainerEntityManagerFactoryBean : Initialized JPA EntityManagerFactory for persistence unit 'default'
2020-07-15 12:11:16.534  INFO 2824 --- [    Test worker] o.h.h.i.QueryTranslatorFactoryInitiator  : HHH000397: Using ASTQueryTranslatorFactory
2020-07-15 12:11:16.628  INFO 2824 --- [    Test worker] o.s.s.web.DefaultSecurityFilterChain     : Creating filter chain: any request, [org.springframework.security.web.context.request.async.WebAsyncManagerIntegrationFilter@647d4e31, org.springframework.security.web.context.SecurityContextPersistenceFilter@4531e77c, org.springframework.security.web.header.HeaderWriterFilter@3784dc82, org.springframework.security.web.authentication.logout.LogoutFilter@49bc8e4d, org.springframework.security.oauth2.client.web.OAuth2AuthorizationRequestRedirectFilter@2dcf7ce0, org.springframework.security.oauth2.client.web.OAuth2LoginAuthenticationFilter@5b580a4, org.springframework.security.web.authentication.ui.DefaultLoginPageGeneratingFilter@3fc9349, org.springframework.security.web.authentication.ui.DefaultLogoutPageGeneratingFilter@353c7ac6, org.springframework.security.web.savedrequest.RequestCacheAwareFilter@3309eb27, org.springframework.security.web.servletapi.SecurityContextHolderAwareRequestFilter@22f85108, org.springframework.security.web.authentication.AnonymousAuthenticationFilter@63c238fd, org.springframework.security.web.session.SessionManagementFilter@55fe8b7d, org.springframework.security.web.access.ExceptionTranslationFilter@2d5b62a7, org.springframework.security.web.access.intercept.FilterSecurityInterceptor@60d628d0]
2020-07-15 12:11:16.753  INFO 2824 --- [    Test worker] o.s.s.concurrent.ThreadPoolTaskExecutor  : Initializing ExecutorService 'applicationTaskExecutor'
2020-07-15 12:11:16.784  WARN 2824 --- [    Test worker] aWebConfiguration$JpaWebMvcConfiguration : spring.jpa.open-in-view is enabled by default. Therefore, database queries may be performed during view rendering. Explicitly configure spring.jpa.open-in-view to disable this warning
2020-07-15 12:11:16.800  INFO 2824 --- [    Test worker] o.s.b.a.w.s.WelcomePageHandlerMapping    : Adding welcome page template: index
2020-07-15 12:11:16.987  INFO 2824 --- [    Test worker] s.a.ScheduledAnnotationBeanPostProcessor : No TaskScheduler/ScheduledExecutorService bean found for scheduled processing
2020-07-15 12:11:17.003  INFO 2824 --- [    Test worker] o.s.b.w.embedded.tomcat.TomcatWebServer  : Tomcat started on port(s): 62366 (http) with context path ''
2020-07-15 12:11:17.003  INFO 2824 --- [    Test worker] k.c.k.webstudy.web.IndexControllerTest   : Started IndexControllerTest in 1.453 seconds (JVM running for 7.133)
2020-07-15 12:11:17.065  INFO 2824 --- [o-auto-1-exec-1] o.a.c.c.C.[Tomcat].[localhost].[/]       : Initializing Spring DispatcherServlet 'dispatcherServlet'
2020-07-15 12:11:17.065  INFO 2824 --- [o-auto-1-exec-1] o.s.web.servlet.DispatcherServlet        : Initializing Servlet 'dispatcherServlet'
2020-07-15 12:11:17.081  INFO 2824 --- [o-auto-1-exec-1] o.s.web.servlet.DispatcherServlet        : Completed initialization in 16 ms
Hibernate: select posts0_.id as id1_0_, posts0_.created_date as created_2_0_, posts0_.modified_date as modified3_0_, posts0_.author as author4_0_, posts0_.content as content5_0_, posts0_.title as title6_0_ from posts posts0_ order by posts0_.id DESC
]]></system-out>
  <system-err><![CDATA[]]></system-err>
</testsuite>
